$ next dev --port 3000
   ▲ Next.js 15.5.18
   - Local:        http://localhost:3000
   - Network:      http://192.168.0.2:3000

 ✓ Starting...
 ✓ Ready in 1972ms
 ○ Compiling /admin ...
 ✓ Compiled /admin in 5.8s (560 modules)
 GET /admin 200 in 7357ms
 ✓ Compiled in 559ms (546 modules)
 GET /admin 200 in 633ms
 ✓ Compiled in 623ms (225 modules)
 ✓ Compiled in 219ms (225 modules)
 ✓ Compiled in 158ms (225 modules)
 ✓ Compiled in 212ms (225 modules)
 ✓ Compiled in 913ms (225 modules)
 ✓ Compiled in 599ms (225 modules)
 ✓ Compiled in 128ms (225 modules)
 ✓ Compiled in 311ms (225 modules)
 ✓ Compiled in 152ms (225 modules)
 ✓ Compiled in 195ms (225 modules)
 ✓ Compiled in 386ms (225 modules)
 ✓ Compiled in 404ms (225 modules)
 ✓ Compiled in 81ms (225 modules)
 ✓ Compiled in 112ms (225 modules)
 ✓ Compiled in 95ms (225 modules)
 ✓ Compiled in 125ms (225 modules)
 ✓ Compiled in 351ms (225 modules)
 ✓ Compiled in 152ms (225 modules)
 ○ Compiling /admin ...
 ✓ Compiled /admin in 635ms (321 modules)
 ⨯ Error: Could not find the module "/app/node_modules/.pnpm/next@15.5.18_react-dom@19.1.0_react@19.1.0__react@19.1.0/node_modules/next/dist/next-devtools/userspace/app/segment-explorer-node.js#SegmentViewNode" in the React Client Manifest. This is probably a bug in the React Server Components bundler.
    at stringify (<anonymous>) {
  digest: '4013649600'
}
 ⨯ Error: Could not find the module "/app/node_modules/.pnpm/next@15.5.18_react-dom@19.1.0_react@19.1.0__react@19.1.0/node_modules/next/dist/next-devtools/userspace/app/segment-explorer-node.js#SegmentViewNode" in the React Client Manifest. This is probably a bug in the React Server Components bundler.
    at stringify (<anonymous>)
    at stringify (<anonymous>) {
  digest: '1905672644'
}
 ⨯ Error: Could not find the module "/app/node_modules/.pnpm/next@15.5.18_react-dom@19.1.0_react@19.1.0__react@19.1.0/node_modules/next/dist/next-devtools/userspace/app/segment-explorer-node.js#SegmentViewNode" in the React Client Manifest. This is probably a bug in the React Server Components bundler.
    at stringify (<anonymous>)
    at stringify (<anonymous>) {
  digest: '1905672644'
}
 ⨯ Error: Could not find the module "/app/node_modules/.pnpm/next@15.5.18_react-dom@19.1.0_react@19.1.0__react@19.1.0/node_modules/next/dist/next-devtools/userspace/app/segment-explorer-node.js#SegmentViewNode" in the React Client Manifest. This is probably a bug in the React Server Components bundler.
    at stringify (<anonymous>)
    at stringify (<anonymous>) {
  digest: '1905672644'
}
 ⨯ Error: Could not find the module "/app/node_modules/.pnpm/next@15.5.18_react-dom@19.1.0_react@19.1.0__react@19.1.0/node_modules/next/dist/next-devtools/userspace/app/segment-explorer-node.js#SegmentViewNode" in the React Client Manifest. This is probably a bug in the React Server Components bundler.
    at stringify (<anonymous>) {
  digest: '4013649600'
}
 ⨯ Error: Could not find the module "/app/node_modules/.pnpm/next@15.5.18_react-dom@19.1.0_react@19.1.0__react@19.1.0/node_modules/next/dist/next-devtools/userspace/app/segment-explorer-node.js#SegmentViewNode" in the React Client Manifest. This is probably a bug in the React Server Components bundler.
    at stringify (<anonymous>) {
  digest: '4013649600'
}
 ⨯ [TypeError: __webpack_modules__[moduleId] is not a function] {
  digest: '956244494'
}
 ⨯ Error: Could not find the module "/app/node_modules/.pnpm/next@15.5.18_react-dom@19.1.0_react@19.1.0__react@19.1.0/node_modules/next/dist/next-devtools/userspace/app/segment-explorer-node.js#SegmentViewNode" in the React Client Manifest. This is probably a bug in the React Server Components bundler.
    at stringify (<anonymous>) {
  digest: '4013649600'
}
[TypeError: __webpack_modules__[moduleId] is not a function]
 ⨯ [TypeError: __webpack_modules__[moduleId] is not a function]
 ⨯ [TypeError: __webpack_modules__[moduleId] is not a function] {
  page: '/admin'
}
 ○ Compiling /_error ...
 ✓ Compiled /_error in 2.6s (893 modules)
 GET /admin 500 in 8160ms
 GET /admin 200 in 626ms
 GET /admin 200 in 90ms
 GET /admin 200 in 109ms
 GET /admin 200 in 122ms
 ⨯ ./app/admin/_components/CertificateManagement.tsx:4:1
Module not found: Can't resolve '../../../lib/api'
  2 |
  3 | import { useState, useEffect } from 'react';
> 4 | import { getApiUrl } from '../../../lib/api';
    | ^
  5 |
  6 | export function CertificateManagement() {
  7 |   const [certificates, setCertificates] = useState<any[]>([]);

https://nextjs.org/docs/messages/module-not-found

Import trace for requested module:
./app/admin/page.tsx
 ⨯ ./app/admin/_components/CertificateManagement.tsx:4:1
Module not found: Can't resolve '../../../lib/api'
  2 |
  3 | import { useState, useEffect } from 'react';
> 4 | import { getApiUrl } from '../../../lib/api';
    | ^
  5 |
  6 | export function CertificateManagement() {
  7 |   const [certificates, setCertificates] = useState<any[]>([]);

https://nextjs.org/docs/messages/module-not-found

Import trace for requested module:
./app/admin/page.tsx
 ⨯ ./app/admin/_components/CertificateManagement.tsx:4:1
Module not found: Can't resolve '../../../lib/api'
  2 |
  3 | import { useState, useEffect } from 'react';
> 4 | import { getApiUrl } from '../../../lib/api';
    | ^
  5 |
  6 | export function CertificateManagement() {
  7 |   const [certificates, setCertificates] = useState<any[]>([]);

https://nextjs.org/docs/messages/module-not-found

Import trace for requested module:
./app/admin/page.tsx
 ⨯ ./app/admin/_components/CertificateManagement.tsx:4:1
Module not found: Can't resolve '../../../lib/api'
  2 |
  3 | import { useState, useEffect } from 'react';
> 4 | import { getApiUrl } from '../../../lib/api';
    | ^
  5 |
  6 | export function CertificateManagement() {
  7 |   const [certificates, setCertificates] = useState<any[]>([]);

https://nextjs.org/docs/messages/module-not-found

Import trace for requested module:
./app/admin/page.tsx
 ⨯ ./app/admin/_components/CertificateManagement.tsx:4:1
Module not found: Can't resolve '../../../lib/api'
  2 |
  3 | import { useState, useEffect } from 'react';
> 4 | import { getApiUrl } from '../../../lib/api';
    | ^
  5 |
  6 | export function CertificateManagement() {
  7 |   const [certificates, setCertificates] = useState<any[]>([]);

https://nextjs.org/docs/messages/module-not-found

Import trace for requested module:
./app/admin/page.tsx
 ✓ Compiled in 629ms (379 modules)
 ✓ Compiled in 256ms (379 modules)
 ✓ Compiled in 196ms (379 modules)
 ✓ Compiled in 154ms (379 modules)
 ✓ Compiled in 606ms (379 modules)
 ✓ Compiled in 600ms (379 modules)
 ✓ Compiled in 288ms (379 modules)
 ✓ Compiled in 138ms (379 modules)
 ○ Compiling /admin ...
 ✓ Compiled /admin in 1343ms (516 modules)
 ⨯ Error: Could not find the module "/app/node_modules/.pnpm/next@15.5.18_react-dom@19.1.0_react@19.1.0__react@19.1.0/node_modules/next/dist/next-devtools/userspace/app/segment-explorer-node.js#SegmentViewNode" in the React Client Manifest. This is probably a bug in the React Server Components bundler.
    at stringify (<anonymous>) {
  digest: '4013649600'
}
 ⨯ Error: Could not find the module "/app/node_modules/.pnpm/next@15.5.18_react-dom@19.1.0_react@19.1.0__react@19.1.0/node_modules/next/dist/next-devtools/userspace/app/segment-explorer-node.js#SegmentViewNode" in the React Client Manifest. This is probably a bug in the React Server Components bundler.
    at stringify (<anonymous>)
    at stringify (<anonymous>) {
  digest: '1905672644'
}
 ⨯ Error: Could not find the module "/app/node_modules/.pnpm/next@15.5.18_react-dom@19.1.0_react@19.1.0__react@19.1.0/node_modules/next/dist/next-devtools/userspace/app/segment-explorer-node.js#SegmentViewNode" in the React Client Manifest. This is probably a bug in the React Server Components bundler.
    at stringify (<anonymous>)
    at stringify (<anonymous>) {
  digest: '1905672644'
}
 ⨯ Error: Could not find the module "/app/node_modules/.pnpm/next@15.5.18_react-dom@19.1.0_react@19.1.0__react@19.1.0/node_modules/next/dist/next-devtools/userspace/app/segment-explorer-node.js#SegmentViewNode" in the React Client Manifest. This is probably a bug in the React Server Components bundler.
    at stringify (<anonymous>)
    at stringify (<anonymous>) {
  digest: '1905672644'
}
 ⨯ Error: Could not find the module "/app/node_modules/.pnpm/next@15.5.18_react-dom@19.1.0_react@19.1.0__react@19.1.0/node_modules/next/dist/next-devtools/userspace/app/segment-explorer-node.js#SegmentViewNode" in the React Client Manifest. This is probably a bug in the React Server Components bundler.
    at stringify (<anonymous>) {
  digest: '4013649600'
}
 ⨯ Error: Could not find the module "/app/node_modules/.pnpm/next@15.5.18_react-dom@19.1.0_react@19.1.0__react@19.1.0/node_modules/next/dist/next-devtools/userspace/app/segment-explorer-node.js#SegmentViewNode" in the React Client Manifest. This is probably a bug in the React Server Components bundler.
    at stringify (<anonymous>) {
  digest: '4013649600'
}
 ⨯ [TypeError: __webpack_modules__[moduleId] is not a function] {
  digest: '956244494'
}
 ⨯ Error: Could not find the module "/app/node_modules/.pnpm/next@15.5.18_react-dom@19.1.0_react@19.1.0__react@19.1.0/node_modules/next/dist/next-devtools/userspace/app/segment-explorer-node.js#SegmentViewNode" in the React Client Manifest. This is probably a bug in the React Server Components bundler.
    at stringify (<anonymous>) {
  digest: '4013649600'
}
[TypeError: __webpack_modules__[moduleId] is not a function]
 ⨯ [TypeError: __webpack_modules__[moduleId] is not a function]
 ⨯ [TypeError: __webpack_modules__[moduleId] is not a function] {
  page: '/admin'
}
 ⨯ Error: Cannot find module './487.js'
Require stack:
- /app/apps/web/.next/server/webpack-runtime.js
- /app/apps/web/.next/server/app/admin/page.js
- /app/node_modules/.pnpm/next@15.5.18_react-dom@19.1.0_react@19.1.0__react@19.1.0/node_modules/next/dist/server/require.js
- /app/node_modules/.pnpm/next@15.5.18_react-dom@19.1.0_react@19.1.0__react@19.1.0/node_modules/next/dist/server/load-components.js
- /app/node_modules/.pnpm/next@15.5.18_react-dom@19.1.0_react@19.1.0__react@19.1.0/node_modules/next/dist/build/utils.js
- /app/node_modules/.pnpm/next@15.5.18_react-dom@19.1.0_react@19.1.0__react@19.1.0/node_modules/next/dist/build/swc/options.js
- /app/node_modules/.pnpm/next@15.5.18_react-dom@19.1.0_react@19.1.0__react@19.1.0/node_modules/next/dist/build/swc/index.js
- /app/node_modules/.pnpm/next@15.5.18_react-dom@19.1.0_react@19.1.0__react@19.1.0/node_modules/next/dist/build/analysis/parse-module.js
- /app/node_modules/.pnpm/next@15.5.18_react-dom@19.1.0_react@19.1.0__react@19.1.0/node_modules/next/dist/build/analysis/get-page-static-info.js
- /app/node_modules/.pnpm/next@15.5.18_react-dom@19.1.0_react@19.1.0__react@19.1.0/node_modules/next/dist/server/lib/router-utils/setup-dev-bundler.js
- /app/node_modules/.pnpm/next@15.5.18_react-dom@19.1.0_react@19.1.0__react@19.1.0/node_modules/next/dist/server/lib/router-server.js
- /app/node_modules/.pnpm/next@15.5.18_react-dom@19.1.0_react@19.1.0__react@19.1.0/node_modules/next/dist/server/lib/start-server.js
    at <unknown> (.next/server/pages/_document.js:1:321)
    at Object.<anonymous> (.next/server/pages/_document.js:1:366) {
  code: 'MODULE_NOT_FOUND',
  requireStack: [Array]
}
 GET /admin 500 in 12092ms
 ⨯ Error: Could not find the module "/app/node_modules/.pnpm/next@15.5.18_react-dom@19.1.0_react@19.1.0__react@19.1.0/node_modules/next/dist/next-devtools/userspace/app/segment-explorer-node.js#SegmentViewNode" in the React Client Manifest. This is probably a bug in the React Server Components bundler.
    at stringify (<anonymous>) {
  digest: '4013649600'
}
 ⨯ Error: Could not find the module "/app/node_modules/.pnpm/next@15.5.18_react-dom@19.1.0_react@19.1.0__react@19.1.0/node_modules/next/dist/next-devtools/userspace/app/segment-explorer-node.js#SegmentViewNode" in the React Client Manifest. This is probably a bug in the React Server Components bundler.
    at stringify (<anonymous>)
    at stringify (<anonymous>) {
  digest: '1905672644'
}
 ⨯ Error: Could not find the module "/app/node_modules/.pnpm/next@15.5.18_react-dom@19.1.0_react@19.1.0__react@19.1.0/node_modules/next/dist/next-devtools/userspace/app/segment-explorer-node.js#SegmentViewNode" in the React Client Manifest. This is probably a bug in the React Server Components bundler.
    at stringify (<anonymous>)
    at stringify (<anonymous>) {
  digest: '1905672644'
}
 ⨯ Error: Could not find the module "/app/node_modules/.pnpm/next@15.5.18_react-dom@19.1.0_react@19.1.0__react@19.1.0/node_modules/next/dist/next-devtools/userspace/app/segment-explorer-node.js#SegmentViewNode" in the React Client Manifest. This is probably a bug in the React Server Components bundler.
    at stringify (<anonymous>)
    at stringify (<anonymous>) {
  digest: '1905672644'
}
 ⨯ Error: Could not find the module "/app/node_modules/.pnpm/next@15.5.18_react-dom@19.1.0_react@19.1.0__react@19.1.0/node_modules/next/dist/next-devtools/userspace/app/segment-explorer-node.js#SegmentViewNode" in the React Client Manifest. This is probably a bug in the React Server Components bundler.
    at stringify (<anonymous>) {
  digest: '4013649600'
}
 ⨯ Error: Could not find the module "/app/node_modules/.pnpm/next@15.5.18_react-dom@19.1.0_react@19.1.0__react@19.1.0/node_modules/next/dist/next-devtools/userspace/app/segment-explorer-node.js#SegmentViewNode" in the React Client Manifest. This is probably a bug in the React Server Components bundler.
    at stringify (<anonymous>) {
  digest: '4013649600'
}
 ⨯ [TypeError: __webpack_modules__[moduleId] is not a function] {
  digest: '956244494'
}
 ⨯ Error: Could not find the module "/app/node_modules/.pnpm/next@15.5.18_react-dom@19.1.0_react@19.1.0__react@19.1.0/node_modules/next/dist/next-devtools/userspace/app/segment-explorer-node.js#SegmentViewNode" in the React Client Manifest. This is probably a bug in the React Server Components bundler.
    at stringify (<anonymous>) {
  digest: '4013649600'
}
[TypeError: __webpack_modules__[moduleId] is not a function]
 ⨯ [TypeError: __webpack_modules__[moduleId] is not a function]
 ⨯ [TypeError: __webpack_modules__[moduleId] is not a function] {
  page: '/admin'
}
 ⨯ Error: Cannot find module './487.js'
Require stack:
- /app/apps/web/.next/server/webpack-runtime.js
- /app/apps/web/.next/server/app/admin/page.js
- /app/node_modules/.pnpm/next@15.5.18_react-dom@19.1.0_react@19.1.0__react@19.1.0/node_modules/next/dist/server/require.js
- /app/node_modules/.pnpm/next@15.5.18_react-dom@19.1.0_react@19.1.0__react@19.1.0/node_modules/next/dist/server/load-components.js
- /app/node_modules/.pnpm/next@15.5.18_react-dom@19.1.0_react@19.1.0__react@19.1.0/node_modules/next/dist/build/utils.js
- /app/node_modules/.pnpm/next@15.5.18_react-dom@19.1.0_react@19.1.0__react@19.1.0/node_modules/next/dist/build/swc/options.js
- /app/node_modules/.pnpm/next@15.5.18_react-dom@19.1.0_react@19.1.0__react@19.1.0/node_modules/next/dist/build/swc/index.js
- /app/node_modules/.pnpm/next@15.5.18_react-dom@19.1.0_react@19.1.0__react@19.1.0/node_modules/next/dist/build/analysis/parse-module.js
- /app/node_modules/.pnpm/next@15.5.18_react-dom@19.1.0_react@19.1.0__react@19.1.0/node_modules/next/dist/build/analysis/get-page-static-info.js
- /app/node_modules/.pnpm/next@15.5.18_react-dom@19.1.0_react@19.1.0__react@19.1.0/node_modules/next/dist/server/lib/router-utils/setup-dev-bundler.js
- /app/node_modules/.pnpm/next@15.5.18_react-dom@19.1.0_react@19.1.0__react@19.1.0/node_modules/next/dist/server/lib/router-server.js
- /app/node_modules/.pnpm/next@15.5.18_react-dom@19.1.0_react@19.1.0__react@19.1.0/node_modules/next/dist/server/lib/start-server.js
    at <unknown> (.next/server/pages/_document.js:1:321)
    at Object.<anonymous> (.next/server/pages/_document.js:1:366) {
  code: 'MODULE_NOT_FOUND',
  requireStack: [Array]
}
[TypeError: Cannot read properties of undefined (reading '/_app')]
 ⨯ [TypeError: Cannot read properties of undefined (reading '/_app')]
[TypeError: __webpack_modules__[moduleId] is not a function] {
  page: '/admin'
}
 ⨯ Error: Cannot find module './487.js'
Require stack:
- /app/apps/web/.next/server/webpack-runtime.js
- /app/apps/web/.next/server/app/admin/page.js
- /app/node_modules/.pnpm/next@15.5.18_react-dom@19.1.0_react@19.1.0__react@19.1.0/node_modules/next/dist/server/require.js
- /app/node_modules/.pnpm/next@15.5.18_react-dom@19.1.0_react@19.1.0__react@19.1.0/node_modules/next/dist/server/load-components.js
- /app/node_modules/.pnpm/next@15.5.18_react-dom@19.1.0_react@19.1.0__react@19.1.0/node_modules/next/dist/build/utils.js
- /app/node_modules/.pnpm/next@15.5.18_react-dom@19.1.0_react@19.1.0__react@19.1.0/node_modules/next/dist/build/swc/options.js
- /app/node_modules/.pnpm/next@15.5.18_react-dom@19.1.0_react@19.1.0__react@19.1.0/node_modules/next/dist/build/swc/index.js
- /app/node_modules/.pnpm/next@15.5.18_react-dom@19.1.0_react@19.1.0__react@19.1.0/node_modules/next/dist/build/analysis/parse-module.js
- /app/node_modules/.pnpm/next@15.5.18_react-dom@19.1.0_react@19.1.0__react@19.1.0/node_modules/next/dist/build/analysis/get-page-static-info.js
- /app/node_modules/.pnpm/next@15.5.18_react-dom@19.1.0_react@19.1.0__react@19.1.0/node_modules/next/dist/server/lib/router-utils/setup-dev-bundler.js
- /app/node_modules/.pnpm/next@15.5.18_react-dom@19.1.0_react@19.1.0__react@19.1.0/node_modules/next/dist/server/lib/router-server.js
- /app/node_modules/.pnpm/next@15.5.18_react-dom@19.1.0_react@19.1.0__react@19.1.0/node_modules/next/dist/server/lib/start-server.js
    at <unknown> (.next/server/pages/_document.js:1:321)
    at Object.<anonymous> (.next/server/pages/_document.js:1:366) {
  code: 'MODULE_NOT_FOUND',
  requireStack: [Array]
}
[TypeError: Cannot read properties of undefined (reading '/_app')]
 ⨯ [TypeError: Cannot read properties of undefined (reading '/_app')]
[TypeError: Cannot read properties of undefined (reading '/_app')]
 GET /admin 500 in 7216ms
 GET /admin 500 in 79ms
 ⨯ Error: Could not find the module "/app/node_modules/.pnpm/next@15.5.18_react-dom@19.1.0_react@19.1.0__react@19.1.0/node_modules/next/dist/next-devtools/userspace/app/segment-explorer-node.js#SegmentViewNode" in the React Client Manifest. This is probably a bug in the React Server Components bundler.
    at stringify (<anonymous>) {
  digest: '4013649600'
}
 ⨯ Error: Could not find the module "/app/node_modules/.pnpm/next@15.5.18_react-dom@19.1.0_react@19.1.0__react@19.1.0/node_modules/next/dist/next-devtools/userspace/app/segment-explorer-node.js#SegmentViewNode" in the React Client Manifest. This is probably a bug in the React Server Components bundler.
    at stringify (<anonymous>)
    at stringify (<anonymous>) {
  digest: '1905672644'
}
 ⨯ Error: Could not find the module "/app/node_modules/.pnpm/next@15.5.18_react-dom@19.1.0_react@19.1.0__react@19.1.0/node_modules/next/dist/next-devtools/userspace/app/segment-explorer-node.js#SegmentViewNode" in the React Client Manifest. This is probably a bug in the React Server Components bundler.
    at stringify (<anonymous>)
    at stringify (<anonymous>) {
  digest: '1905672644'
}
 ⨯ Error: Could not find the module "/app/node_modules/.pnpm/next@15.5.18_react-dom@19.1.0_react@19.1.0__react@19.1.0/node_modules/next/dist/next-devtools/userspace/app/segment-explorer-node.js#SegmentViewNode" in the React Client Manifest. This is probably a bug in the React Server Components bundler.
    at stringify (<anonymous>)
    at stringify (<anonymous>) {
  digest: '1905672644'
}
 ⨯ Error: Could not find the module "/app/node_modules/.pnpm/next@15.5.18_react-dom@19.1.0_react@19.1.0__react@19.1.0/node_modules/next/dist/next-devtools/userspace/app/segment-explorer-node.js#SegmentViewNode" in the React Client Manifest. This is probably a bug in the React Server Components bundler.
    at stringify (<anonymous>) {
  digest: '4013649600'
}
 ⨯ Error: Could not find the module "/app/node_modules/.pnpm/next@15.5.18_react-dom@19.1.0_react@19.1.0__react@19.1.0/node_modules/next/dist/next-devtools/userspace/app/segment-explorer-node.js#SegmentViewNode" in the React Client Manifest. This is probably a bug in the React Server Components bundler.
    at stringify (<anonymous>) {
  digest: '4013649600'
}
 ⨯ [TypeError: __webpack_modules__[moduleId] is not a function] {
  digest: '956244494'
}
 ⨯ Error: Could not find the module "/app/node_modules/.pnpm/next@15.5.18_react-dom@19.1.0_react@19.1.0__react@19.1.0/node_modules/next/dist/next-devtools/userspace/app/segment-explorer-node.js#SegmentViewNode" in the React Client Manifest. This is probably a bug in the React Server Components bundler.
    at stringify (<anonymous>) {
  digest: '4013649600'
}
[TypeError: __webpack_modules__[moduleId] is not a function]
 ⨯ [TypeError: __webpack_modules__[moduleId] is not a function]
 ⨯ [TypeError: __webpack_modules__[moduleId] is not a function] {
  page: '/admin'
}
 ⨯ Error: Cannot find module './487.js'
Require stack:
- /app/apps/web/.next/server/webpack-runtime.js
- /app/apps/web/.next/server/app/admin/page.js
- /app/node_modules/.pnpm/next@15.5.18_react-dom@19.1.0_react@19.1.0__react@19.1.0/node_modules/next/dist/server/require.js
- /app/node_modules/.pnpm/next@15.5.18_react-dom@19.1.0_react@19.1.0__react@19.1.0/node_modules/next/dist/server/load-components.js
- /app/node_modules/.pnpm/next@15.5.18_react-dom@19.1.0_react@19.1.0__react@19.1.0/node_modules/next/dist/build/utils.js
- /app/node_modules/.pnpm/next@15.5.18_react-dom@19.1.0_react@19.1.0__react@19.1.0/node_modules/next/dist/build/swc/options.js
- /app/node_modules/.pnpm/next@15.5.18_react-dom@19.1.0_react@19.1.0__react@19.1.0/node_modules/next/dist/build/swc/index.js
- /app/node_modules/.pnpm/next@15.5.18_react-dom@19.1.0_react@19.1.0__react@19.1.0/node_modules/next/dist/build/analysis/parse-module.js
- /app/node_modules/.pnpm/next@15.5.18_react-dom@19.1.0_react@19.1.0__react@19.1.0/node_modules/next/dist/build/analysis/get-page-static-info.js
- /app/node_modules/.pnpm/next@15.5.18_react-dom@19.1.0_react@19.1.0__react@19.1.0/node_modules/next/dist/server/lib/router-utils/setup-dev-bundler.js
- /app/node_modules/.pnpm/next@15.5.18_react-dom@19.1.0_react@19.1.0__react@19.1.0/node_modules/next/dist/server/lib/router-server.js
- /app/node_modules/.pnpm/next@15.5.18_react-dom@19.1.0_react@19.1.0__react@19.1.0/node_modules/next/dist/server/lib/start-server.js
    at <unknown> (.next/server/pages/_document.js:1:321)
    at Object.<anonymous> (.next/server/pages/_document.js:1:366) {
  code: 'MODULE_NOT_FOUND',
  requireStack: [Array]
}
[TypeError: Cannot read properties of undefined (reading '/_app')]
 ⨯ [TypeError: Cannot read properties of undefined (reading '/_app')]
[TypeError: __webpack_modules__[moduleId] is not a function] {
  page: '/admin'
}
 ⨯ Error: Cannot find module './487.js'
Require stack:
- /app/apps/web/.next/server/webpack-runtime.js
- /app/apps/web/.next/server/app/admin/page.js
- /app/node_modules/.pnpm/next@15.5.18_react-dom@19.1.0_react@19.1.0__react@19.1.0/node_modules/next/dist/server/require.js
- /app/node_modules/.pnpm/next@15.5.18_react-dom@19.1.0_react@19.1.0__react@19.1.0/node_modules/next/dist/server/load-components.js
- /app/node_modules/.pnpm/next@15.5.18_react-dom@19.1.0_react@19.1.0__react@19.1.0/node_modules/next/dist/build/utils.js
- /app/node_modules/.pnpm/next@15.5.18_react-dom@19.1.0_react@19.1.0__react@19.1.0/node_modules/next/dist/build/swc/options.js
- /app/node_modules/.pnpm/next@15.5.18_react-dom@19.1.0_react@19.1.0__react@19.1.0/node_modules/next/dist/build/swc/index.js
- /app/node_modules/.pnpm/next@15.5.18_react-dom@19.1.0_react@19.1.0__react@19.1.0/node_modules/next/dist/build/analysis/parse-module.js
- /app/node_modules/.pnpm/next@15.5.18_react-dom@19.1.0_react@19.1.0__react@19.1.0/node_modules/next/dist/build/analysis/get-page-static-info.js
- /app/node_modules/.pnpm/next@15.5.18_react-dom@19.1.0_react@19.1.0__react@19.1.0/node_modules/next/dist/server/lib/router-utils/setup-dev-bundler.js
- /app/node_modules/.pnpm/next@15.5.18_react-dom@19.1.0_react@19.1.0__react@19.1.0/node_modules/next/dist/server/lib/router-server.js
- /app/node_modules/.pnpm/next@15.5.18_react-dom@19.1.0_react@19.1.0__react@19.1.0/node_modules/next/dist/server/lib/start-server.js
    at <unknown> (.next/server/pages/_document.js:1:321)
    at Object.<anonymous> (.next/server/pages/_document.js:1:366) {
  code: 'MODULE_NOT_FOUND',
  requireStack: [Array]
}
[TypeError: Cannot read properties of undefined (reading '/_app')]
 ⨯ [TypeError: Cannot read properties of undefined (reading '/_app')]
[TypeError: Cannot read properties of undefined (reading '/_app')]
 GET /admin 500 in 5059ms
 GET /admin 500 in 115ms
/app/apps/web:
[ERR_PNPM_RECURSIVE_RUN_FIRST_FAIL] @inside/web@0.1.0 dev: `next dev --port 3000`
Command failed with signal "SIGTERM"
[?25h
